<?xml version="1.0" encoding="UTF-8"?>
<!-- Generated by org.testng.reporters.JUnitReportReporter -->
<testsuite hostname="Ashwin-PC" name="com.fcrm.scripts.VerifyLoginLogout" tests="1" failures="0" timestamp="12 May 2018 11:24:51 GMT" time="33.401" errors="0">
  <testcase name="testLoginLogout2" time="33.401" classname="com.fcrm.scripts.VerifyLoginLogout"/>
</testsuite> <!-- com.fcrm.scripts.VerifyLoginLogout -->
