<?xml version="1.0" encoding="UTF-8"?>
<!-- Generated by org.testng.reporters.JUnitReportReporter -->
<testsuite skipped="2" hostname="Ashwin-PC" name="com.fcrm.scripts.VerifyLoginLogout" tests="3" failures="0" timestamp="13 May 2018 05:29:36 GMT" time="29.668" errors="0">
  <testcase name="testLoginLogout2" time="29.668" classname="com.fcrm.scripts.VerifyLoginLogout"/>
  <testcase name="testLoginLogout3" classname="com.fcrm.scripts.VerifyLoginLogout">
    <skipped/>
  </testcase> <!-- testLoginLogout3 -->
  <testcase name="testLoginLogout1" classname="com.fcrm.scripts.VerifyLoginLogout">
    <skipped/>
  </testcase> <!-- testLoginLogout1 -->
</testsuite> <!-- com.fcrm.scripts.VerifyLoginLogout -->
